<?xml version="1.0" encoding="UTF-8"?>
<!-- Generated by org.testng.reporters.JUnitReportReporter -->
<testsuite skipped="0" hostname="ravi" name="com.orange.hrm.ess.module.testcase.OHT02_orange_hrm_ess_myinfo_testcases" tests="1" failures="0" timestamp="23 Nov 2019 08:45:28 GMT" time="5.533" errors="0">
  <testcase name="Orange_HRM_info_view_persona_details" time="5.533" classname="com.orange.hrm.ess.module.testcase.OHT02_orange_hrm_ess_myinfo_testcases"/>
</testsuite> <!-- com.orange.hrm.ess.module.testcase.OHT02_orange_hrm_ess_myinfo_testcases -->
