<?xml version="1.0" encoding="UTF-8"?>
<!-- Generated by org.testng.reporters.JUnitReportReporter -->
<testsuite skipped="0" hostname="ravi" name="com.orange.hrm.ess.module.testcase.ODT00_orange_hrm_create_ess_user_by_admin" tests="1" failures="0" timestamp="23 Nov 2019 08:45:28 GMT" time="25.745" errors="0">
  <testcase name="create_verify_status" time="25.745" classname="com.orange.hrm.ess.module.testcase.ODT00_orange_hrm_create_ess_user_by_admin"/>
</testsuite> <!-- com.orange.hrm.ess.module.testcase.ODT00_orange_hrm_create_ess_user_by_admin -->
